#
# There is insufficient memory for the Java Runtime Environment to continue.
# Native memory allocation (mmap) failed to map 96468992 bytes for G1 virtual space
# Possible reasons:
#   The system is out of physical RAM or swap space
#   The process is running with CompressedOops enabled, and the Java Heap may be blocking the growth of the native heap
# Possible solutions:
#   Reduce memory load on the system
#   Increase physical memory or swap space
#   Check if swap backing store is full
#   Decrease Java heap size (-Xmx/-Xms)
#   Decrease number of Java threads
#   Decrease Java thread stack sizes (-Xss)
#   Set larger code cache with -XX:ReservedCodeCacheSize=
#   JVM is running with Unscaled Compressed Oops mode in which the Java heap is
#     placed in the first 4GB address space. The Java Heap base address is the
#     maximum limit for the native heap growth. Please use -XX:HeapBaseMinAddress
#     to set the Java Heap base and to place the Java Heap above 4GB virtual address.
# This output file may be truncated or incomplete.
#
#  Out of Memory Error (./open/src/hotspot/os/windows/os_windows.cpp:3321), pid=11964, tid=10668
#
# JRE version:  (15.0.2+7) (build )
# Java VM: OpenJDK 64-Bit Server VM (15.0.2+7-27, mixed mode, sharing, tiered, compressed oops, g1 gc, windows-amd64)
# No core dump will be written. Minidumps are not enabled by default on client versions of Windows
#

---------------  S U M M A R Y ------------

Command Line: -ea -Dfile.encoding=Cp1252 -XX:+ShowCodeDetailsInExceptionMessages org.eclipse.jdt.internal.junit.runner.RemoteTestRunner -version 3 -port 51568 -testLoaderClass org.eclipse.jdt.internal.junit4.runner.JUnit4TestLoader -loaderpluginname org.eclipse.jdt.junit4.runtime -classNames tests.DatePickerAutomation

Host: Intel(R) Core(TM) i3 CPU       M 380  @ 2.53GHz, 4 cores, 5G,  Windows 10 , 64 bit Build 18362 (10.0.18362.1350)
Time: Wed Apr 14 19:07:12 2021 Hora oficial do Brasil elapsed time: 0.143466 seconds (0d 0h 0m 0s)

---------------  T H R E A D  ---------------

Current thread (0x000001d9e6295490):  JavaThread "Unknown thread" [_thread_in_vm, id=10668, stack(0x00000074a8900000,0x00000074a8a00000)]

Stack: [0x00000074a8900000,0x00000074a8a00000]
Native frames: (J=compiled Java code, j=interpreted, Vv=VM code, C=native code)
V  [jvm.dll+0x62ae9a]
V  [jvm.dll+0x7817a9]
V  [jvm.dll+0x782f03]
V  [jvm.dll+0x783563]
V  [jvm.dll+0x216325]
V  [jvm.dll+0x6281d9]
V  [jvm.dll+0x61cf55]
V  [jvm.dll+0x2cffdd]
V  [jvm.dll+0x2cfe42]
V  [jvm.dll+0x2d5e1c]
V  [jvm.dll+0x32590a]
V  [jvm.dll+0x324fd4]
V  [jvm.dll+0x2a6f5a]
V  [jvm.dll+0x2a80f8]
V  [jvm.dll+0x75e241]
V  [jvm.dll+0x3341c4]
V  [jvm.dll+0x73e926]
V  [jvm.dll+0x3b7557]
V  [jvm.dll+0x3b8fe1]
C  [jli.dll+0x52fb]
C  [ucrtbase.dll+0x210b2]
C  [KERNEL32.DLL+0x17c24]
C  [ntdll.dll+0x6d721]


---------------  P R O C E S S  ---------------

Threads class SMR info:
_java_thread_list=0x00007ffdb34f4ff0, length=0, elements={
}

Java Threads: ( => current thread )

Other Threads:
  0x000001d9e62c6d50 GCTaskThread "GC Thread#0" [stack: 0x00000074a8a00000,0x00000074a8b00000] [id=15148]
  0x000001d9e62d4ca0 ConcurrentGCThread "G1 Main Marker" [stack: 0x00000074a8b00000,0x00000074a8c00000] [id=16024]
  0x000001d9e62d5820 ConcurrentGCThread "G1 Conc#0" [stack: 0x00000074a8c00000,0x00000074a8d00000] [id=2184]

[error occurred during error reporting (printing all threads), id 0xc0000005, EXCEPTION_ACCESS_VIOLATION (0xc0000005) at pc=0x00007ffdb2ce7e27]

VM state: not at safepoint (not fully initialized)

VM Mutex/Monitor currently owned by a thread:  ([mutex/lock_event])
[0x000001d9e6292090] Heap_lock - owner thread: 0x000001d9e6295490

Heap address: 0x00000000a5200000, size: 1454 MB, Compressed Oops mode: 32-bit
CDS archive(s) mapped at: [0x0000000000000000-0x0000000000000000-0x0000000000000000), size 0, SharedBaseAddress: 0x0000000800000000, ArchiveRelocationMode: 0.
Narrow klass base: 0x0000000000000000, Narrow klass shift: 0, Narrow klass range: 0x0

Heap:
 garbage-first heap   total 94208K, used 0K [0x00000000a5200000, 0x0000000100000000)
  region size 1024K, 0 young (0K), 0 survivors (0K)
 Metaspace       used 0K, capacity 0K, committed 0K, reserved 0K
  class space    used 0K, capacity 0K, committed 0K, reserved 0K

Heap Regions: E=young(eden), S=young(survivor), O=old, HS=humongous(starts), HC=humongous(continues), CS=collection set, F=free, OA=open archive, CA=closed archive, TAMS=top-at-mark-start (previous, next)

Card table byte_map: [0x000001d9fad70000,0x000001d9fb050000] _byte_map_base: 0x000001d9fa847000

Marking Bits (Prev, Next): (CMBitMap*) 0x000001d9e62c84e0, (CMBitMap*) 0x000001d9e62c8520
 Prev Bits: [0x000001d9fb330000, 0x000001d9fc9e8000)
 Next Bits: [0x000001d9fc9f0000, 0x000001d9fe0a8000)

GC Heap History (0 events):
No events

Deoptimization events (0 events):
No events

Classes unloaded (0 events):
No events

Classes redefined (0 events):
No events

Internal exceptions (0 events):
No events

Events (1 events):
Event: 0.023 Loaded shared library C:\Users\nilto\.p2\pool\plugins\org.eclipse.justj.openjdk.hotspot.jre.full.win32.x86_64_15.0.2.v20210201-0955\jre\bin\java.dll


Dynamic libraries:
0x00007ff6db480000 - 0x00007ff6db48d000 	C:\Users\nilto\.p2\pool\plugins\org.eclipse.justj.openjdk.hotspot.jre.full.win32.x86_64_15.0.2.v20210201-0955\jre\bin\javaw.exe
0x00007ffdf5a60000 - 0x00007ffdf5c50000 	C:\Windows\SYSTEM32\ntdll.dll
0x00007ffdf40d0000 - 0x00007ffdf4182000 	C:\Windows\System32\KERNEL32.DLL
0x00007ffdf3810000 - 0x00007ffdf3ab5000 	C:\Windows\System32\KERNELBASE.dll
0x00007ffdf2d10000 - 0x00007ffdf2e0a000 	C:\Windows\System32\ucrtbase.dll
0x00007ffded420000 - 0x00007ffded439000 	C:\Users\nilto\.p2\pool\plugins\org.eclipse.justj.openjdk.hotspot.jre.full.win32.x86_64_15.0.2.v20210201-0955\jre\bin\VCRUNTIME140.dll
0x00007ffdea320000 - 0x00007ffdea338000 	C:\Users\nilto\.p2\pool\plugins\org.eclipse.justj.openjdk.hotspot.jre.full.win32.x86_64_15.0.2.v20210201-0955\jre\bin\jli.dll
0x00007ffdf3f30000 - 0x00007ffdf40c4000 	C:\Windows\System32\USER32.dll
0x00007ffdf2ec0000 - 0x00007ffdf2ee1000 	C:\Windows\System32\win32u.dll
0x00007ffdf4230000 - 0x00007ffdf4256000 	C:\Windows\System32\GDI32.dll
0x00007ffdf2ef0000 - 0x00007ffdf3088000 	C:\Windows\System32\gdi32full.dll
0x00007ffdf2c40000 - 0x00007ffdf2cde000 	C:\Windows\System32\msvcp_win.dll
0x00007ffde24d0000 - 0x00007ffde2754000 	C:\Windows\WinSxS\amd64_microsoft.windows.common-controls_6595b64144ccf1df_6.0.18362.1474_none_9e806577e45c40f0\COMCTL32.dll
0x00007ffdf51b0000 - 0x00007ffdf524e000 	C:\Windows\System32\msvcrt.dll
0x00007ffdf3b20000 - 0x00007ffdf3e56000 	C:\Windows\System32\combase.dll
0x00007ffdf53b0000 - 0x00007ffdf54cf000 	C:\Windows\System32\RPCRT4.dll
0x00007ffdf2bb0000 - 0x00007ffdf2c31000 	C:\Windows\System32\bcryptPrimitives.dll
0x00007ffdf5670000 - 0x00007ffdf569e000 	C:\Windows\System32\IMM32.DLL
0x00007ffded410000 - 0x00007ffded41c000 	C:\Users\nilto\.p2\pool\plugins\org.eclipse.justj.openjdk.hotspot.jre.full.win32.x86_64_15.0.2.v20210201-0955\jre\bin\vcruntime140_1.dll
0x00007ffde9840000 - 0x00007ffde98d1000 	C:\Users\nilto\.p2\pool\plugins\org.eclipse.justj.openjdk.hotspot.jre.full.win32.x86_64_15.0.2.v20210201-0955\jre\bin\msvcp140.dll
0x00007ffdb2a30000 - 0x00007ffdb358e000 	C:\Users\nilto\.p2\pool\plugins\org.eclipse.justj.openjdk.hotspot.jre.full.win32.x86_64_15.0.2.v20210201-0955\jre\bin\server\jvm.dll
0x00007ffdf54d0000 - 0x00007ffdf5573000 	C:\Windows\System32\ADVAPI32.dll
0x00007ffdf4c40000 - 0x00007ffdf4cd7000 	C:\Windows\System32\sechost.dll
0x00007ffdf5700000 - 0x00007ffdf5708000 	C:\Windows\System32\PSAPI.DLL
0x00007ffdf01e0000 - 0x00007ffdf0204000 	C:\Windows\SYSTEM32\WINMM.dll
0x00007ffde1540000 - 0x00007ffde1549000 	C:\Windows\SYSTEM32\WSOCK32.dll
0x00007ffde3a40000 - 0x00007ffde3a4a000 	C:\Windows\SYSTEM32\VERSION.dll
0x00007ffdf5830000 - 0x00007ffdf589f000 	C:\Windows\System32\WS2_32.dll
0x00007ffdefd50000 - 0x00007ffdefd7d000 	C:\Windows\SYSTEM32\WINMMBASE.dll
0x00007ffdf3ac0000 - 0x00007ffdf3b0a000 	C:\Windows\System32\cfgmgr32.dll
0x00007ffdf2920000 - 0x00007ffdf2931000 	C:\Windows\System32\kernel.appcore.dll
0x00007ffdef200000 - 0x00007ffdef20a000 	C:\Users\nilto\.p2\pool\plugins\org.eclipse.justj.openjdk.hotspot.jre.full.win32.x86_64_15.0.2.v20210201-0955\jre\bin\jimage.dll
0x00007ffdd3ca0000 - 0x00007ffdd3e94000 	C:\Windows\SYSTEM32\DBGHELP.DLL
0x00007ffdd2360000 - 0x00007ffdd238a000 	C:\Windows\SYSTEM32\dbgcore.DLL
0x00007ffdef1d0000 - 0x00007ffdef1f5000 	C:\Users\nilto\.p2\pool\plugins\org.eclipse.justj.openjdk.hotspot.jre.full.win32.x86_64_15.0.2.v20210201-0955\jre\bin\java.dll

dbghelp: loaded successfully - version: 4.0.5 - missing functions: none
symbol engine: initialized successfully - sym options: 0x614 - pdb path: .;C:\Users\nilto\.p2\pool\plugins\org.eclipse.justj.openjdk.hotspot.jre.full.win32.x86_64_15.0.2.v20210201-0955\jre\bin;C:\Windows\SYSTEM32;C:\Windows\WinSxS\amd64_microsoft.windows.common-controls_6595b64144ccf1df_6.0.18362.1474_none_9e806577e45c40f0;C:\Users\nilto\.p2\pool\plugins\org.eclipse.justj.openjdk.hotspot.jre.full.win32.x86_64_15.0.2.v20210201-0955\jre\bin\server

VM Arguments:
jvm_args: -ea -Dfile.encoding=Cp1252 -XX:+ShowCodeDetailsInExceptionMessages 
java_command: org.eclipse.jdt.internal.junit.runner.RemoteTestRunner -version 3 -port 51568 -testLoaderClass org.eclipse.jdt.internal.junit4.runner.JUnit4TestLoader -loaderpluginname org.eclipse.jdt.junit4.runtime -classNames tests.DatePickerAutomation
java_class_path (initial): C:\Users\nilto\eclipse-workspace\autotest\target\test-classes;C:\Users\nilto\eclipse-workspace\autotest\target\classes;C:\Users\nilto\.p2\pool\plugins\org.junit_4.13.0.v20200204-1500.jar;C:\Users\nilto\.p2\pool\plugins\org.hamcrest.core_1.3.0.v20180420-1519.jar;C:\Users\nilto\.m2\repository\org\junit\jupiter\junit-jupiter-api\5.8.0-M1\junit-jupiter-api-5.8.0-M1.jar;C:\Users\nilto\.m2\repository\org\apiguardian\apiguardian-api\1.1.1\apiguardian-api-1.1.1.jar;C:\Users\nilto\.m2\repository\org\opentest4j\opentest4j\1.2.0\opentest4j-1.2.0.jar;C:\Users\nilto\.m2\repository\org\junit\platform\junit-platform-commons\1.8.0-M1\junit-platform-commons-1.8.0-M1.jar;C:\Users\nilto\.m2\repository\org\seleniumhq\selenium\selenium-java\4.0.0-beta-2\selenium-java-4.0.0-beta-2.jar;C:\Users\nilto\.m2\repository\org\seleniumhq\selenium\selenium-api\4.0.0-beta-2\selenium-api-4.0.0-beta-2.jar;C:\Users\nilto\.m2\repository\org\seleniumhq\selenium\selenium-chrome-driver\4.0.0-beta-2\selenium-chrome-driver-4.0.0-beta-2.jar;C:\Users\nilto\.m2\repository\com\google\auto\service\auto-service-annotations\1.0-rc7\auto-service-annotations-1.0-rc7.jar;C:\Users\nilto\.m2\repository\com\google\auto\service\auto-service\1.0-rc7\auto-service-1.0-rc7.jar;C:\Users\nilto\.m2\repository\com\google\auto\auto-common\0.10\auto-common-0.10.jar;C:\Users\nilto\.m2\repository\com\google\guava\guava\30.1-jre\guava-30.1-jre.jar;C:\Users\nilto\.m2\repository\com\google\guava\failureaccess\1.0.1\failureaccess-1.0.1.jar;C:\Users\nilto\.m2\repository\com\google\guava\listenablefuture\9999.0-empty-to-avoid-conflict-with-guava\listenablefuture-9999.0-empty-to-avoid-conflict-with-guava.jar;C:\Users\nilto\.m2\repository\com\google\code\findbugs\jsr305\3.0.2\jsr305-3.0.2.jar;C:\Users\nilto\.m2\repository\org\checkerframework\checker-qual\3.5.0\checker-qual-3.5.0.jar;C:\Users\nilto\.m2\repository\com\google\errorprone\error_prone_annotations\2.3.4\error_prone_annotations-2.3.4.jar;C:\Users\nilto
Launcher Type: SUN_STANDARD

[Global flags]
     intx CICompilerCount                          = 3                                         {product} {ergonomic}
     uint ConcGCThreads                            = 1                                         {product} {ergonomic}
     uint G1ConcRefinementThreads                  = 4                                         {product} {ergonomic}
   size_t G1HeapRegionSize                         = 1048576                                   {product} {ergonomic}
    uintx GCDrainStackTargetSize                   = 64                                        {product} {ergonomic}
   size_t InitialHeapSize                          = 96468992                                  {product} {ergonomic}
   size_t MarkStackSize                            = 4194304                                   {product} {ergonomic}
   size_t MaxHeapSize                              = 1524629504                                {product} {ergonomic}
   size_t MinHeapDeltaBytes                        = 1048576                                   {product} {ergonomic}
   size_t MinHeapSize                              = 8388608                                   {product} {ergonomic}
    uintx NonNMethodCodeHeapSize                   = 5832780                                {pd product} {ergonomic}
    uintx NonProfiledCodeHeapSize                  = 122912730                              {pd product} {ergonomic}
    uintx ProfiledCodeHeapSize                     = 122912730                              {pd product} {ergonomic}
    uintx ReservedCodeCacheSize                    = 251658240                              {pd product} {ergonomic}
     bool SegmentedCodeCache                       = true                                      {product} {ergonomic}
     bool ShowCodeDetailsInExceptionMessages       = true                                   {manageable} {command line}
   size_t SoftMaxHeapSize                          = 1524629504                             {manageable} {ergonomic}
     bool UseCompressedClassPointers               = true                                 {lp64_product} {ergonomic}
     bool UseCompressedOops                        = true                                 {lp64_product} {ergonomic}
     bool UseG1GC                                  = true                                      {product} {ergonomic}
     bool UseLargePagesIndividualAllocation        = false                                  {pd product} {ergonomic}

Logging:
Log output configuration:
 #0: stdout all=warning uptime,level,tags
 #1: stderr all=off uptime,level,tags

Environment Variables:
JAVA_HOME=C:\Program Files\Java\jdk1.8.0_211
CLASSPATH=C:\Program Files\Java\jdk1.8.0_211\lib\tools.jar
PATH=C:/Users/nilto/.p2/pool/plugins/org.eclipse.justj.openjdk.hotspot.jre.full.win32.x86_64_15.0.2.v20210201-0955/jre/bin/server;C:/Users/nilto/.p2/pool/plugins/org.eclipse.justj.openjdk.hotspot.jre.full.win32.x86_64_15.0.2.v20210201-0955/jre/bin;C:\Program Files (x86)\Common Files\Oracle\Java\javapath;C:\Windows\system32;C:\Windows;C:\Windows\System32\Wbem;C:\Windows\System32\WindowsPowerShell\v1.0\;C:\Windows\System32\OpenSSH\;C:\Program Files\Java\jdk1.8.0_211\bin;C:\Program Files\Git\cmd;C:\ProgramData\chocolatey\bin;C:\Program Files\nodejs\;C:\Program Files (x86)\Yarn\bin\;C:\Gradle\gradle-6.1.1\bin;C:\Program Files (x86)\Microsoft SQL Server\150\Tools\Binn\;C:\Program Files\Microsoft SQL Server\150\Tools\Binn\;C:\Program Files (x86)\Microsoft SQL Server\150\DTS\Binn\;C:\Program Files\Microsoft SQL Server\150\DTS\Binn\;C:\Program Files\Microsoft SQL Server\Client SDK\ODBC\170\Tools\Binn\;C:\Users\nilto\Downloads\apache-maven-3.6.3\\bin;C:\Program Files (x86)\Common Files\Adobe\AGL;C:\Users\nilto\AppData\Local\Microsoft\WindowsApps;C:\Users\nilto\AppData\Roaming\npm;C:\Users\nilto\AppData\Local\Yarn\bin;C:\Users\nilto\AppData\Local\Programs\Microsoft VS Code\bin;C:\Users\nilto\codenation;C:\Program Files\Docker Toolbox;C:\Program Files\JetBrains\IntelliJ IDEA Community Edition 2019.3.3\bin;;C:\Program Files\Java\jdk1.8.0_211\bin;;C:\Users\nilto\OneDrive\Área de Trabalho;
USERNAME=nilto
OS=Windows_NT
PROCESSOR_IDENTIFIER=Intel64 Family 6 Model 37 Stepping 5, GenuineIntel



---------------  S Y S T E M  ---------------

OS:
 Windows 10 , 64 bit Build 18362 (10.0.18362.1350)
OS uptime: 0 days 1:32 hours
HyperV virtualization detected

CPU: total 4 (initial active 4) (2 cores per cpu, 2 threads per core) family 6 model 37 stepping 5 microcode 0x7, cmov, cx8, fxsr, mmx, sse, sse2, sse3, ssse3, sse4.1, sse4.2, popcnt, ht, tsc, tscinvbit, clflush

Memory: 4k page, system-wide physical 5814M (546M free)
TotalPageFile size 7862M (AvailPageFile size 62M)
current process WorkingSet (physical memory assigned to process): 10M, peak: 10M
current process commit charge ("private bytes"): 51M, peak: 143M

vm_info: OpenJDK 64-Bit Server VM (15.0.2+7-27) for windows-amd64 JRE (15.0.2+7-27), built on Dec  7 2020 20:02:38 by "mach5one" with unknown MS VC++:1925

END.
