#
# There is insufficient memory for the Java Runtime Environment to continue.
# Native memory allocation (malloc) failed to allocate 248976 bytes for Chunk::new
# Possible reasons:
#   The system is out of physical RAM or swap space
#   The process is running with CompressedOops enabled, and the Java Heap may be blocking the growth of the native heap
# Possible solutions:
#   Reduce memory load on the system
#   Increase physical memory or swap space
#   Check if swap backing store is full
#   Decrease Java heap size (-Xmx/-Xms)
#   Decrease number of Java threads
#   Decrease Java thread stack sizes (-Xss)
#   Set larger code cache with -XX:ReservedCodeCacheSize=
#   JVM is running with Unscaled Compressed Oops mode in which the Java heap is
#     placed in the first 4GB address space. The Java Heap base address is the
#     maximum limit for the native heap growth. Please use -XX:HeapBaseMinAddress
#     to set the Java Heap base and to place the Java Heap above 4GB virtual address.
# This output file may be truncated or incomplete.
#
#  Out of Memory Error (./open/src/hotspot/share/memory/arena.cpp:195), pid=24240, tid=24380
#
# JRE version: OpenJDK Runtime Environment (15.0.2+7) (build 15.0.2+7-27)
# Java VM: OpenJDK 64-Bit Server VM (15.0.2+7-27, mixed mode, tiered, compressed oops, g1 gc, windows-amd64)
# No core dump will be written. Minidumps are not enabled by default on client versions of Windows
#

---------------  S U M M A R Y ------------

Command Line: -ea -Dfile.encoding=Cp1252 -XX:+ShowCodeDetailsInExceptionMessages org.eclipse.jdt.internal.junit.runner.RemoteTestRunner -version 3 -port 60072 -testLoaderClass org.eclipse.jdt.internal.junit4.runner.JUnit4TestLoader -loaderpluginname org.eclipse.jdt.junit4.runtime -classNames tests.autoTest

Host: Intel(R) Core(TM) i3 CPU       M 380  @ 2.53GHz, 4 cores, 5G,  Windows 10 , 64 bit Build 18362 (10.0.18362.1110)
Time: Thu Apr  8 14:15:52 2021 Hora oficial do Brasil elapsed time: 6.054970 seconds (0d 0h 0m 6s)

---------------  T H R E A D  ---------------

Current thread (0x0000023c7dc3e960):  JavaThread "C2 CompilerThread0" daemon [_thread_in_native, id=24380, stack(0x000000b28bc00000,0x000000b28bd00000)]


Current CompileTask:
C2:   6055 1780       4       java.io.DataInputStream::readUTF (501 bytes)

Stack: [0x000000b28bc00000,0x000000b28bd00000]
Native frames: (J=compiled Java code, j=interpreted, Vv=VM code, C=native code)
V  [jvm.dll+0x62ae9a]
V  [jvm.dll+0x7817a9]
V  [jvm.dll+0x782f03]
V  [jvm.dll+0x783563]
V  [jvm.dll+0x216325]
V  [jvm.dll+0x97f3a]
V  [jvm.dll+0x9861c]
V  [jvm.dll+0x279f9f]
V  [jvm.dll+0x540794]
V  [jvm.dll+0x1f3124]
V  [jvm.dll+0x1ecaf1]
V  [jvm.dll+0x1e9867]
V  [jvm.dll+0x178567]
V  [jvm.dll+0x1f9225]
V  [jvm.dll+0x1f72cc]
V  [jvm.dll+0x74495d]
V  [jvm.dll+0x73d75a]
V  [jvm.dll+0x629c56]
C  [ucrtbase.dll+0x210b2]
C  [KERNEL32.DLL+0x17c24]
C  [ntdll.dll+0x6d4d1]


---------------  P R O C E S S  ---------------

Threads class SMR info:
_java_thread_list=0x0000023c0f3f1300, length=24, elements={
0x0000023c746f38c0, 0x0000023c7dc2e010, 0x0000023c7dc31050, 0x0000023c7dc38b60,
0x0000023c7dc3b830, 0x0000023c7dc3c890, 0x0000023c7dc3e960, 0x0000023c7e574db0,
0x0000023c7e57e620, 0x0000023c7e738d80, 0x0000023c7e744340, 0x0000023c7eaa83e0,
0x0000023c7ee0d3b0, 0x0000023c0f0cd3e0, 0x0000023c0f21bdf0, 0x0000023c0f3f1580,
0x0000023c0f3cb1a0, 0x0000023c0f21b8e0, 0x0000023c0f19f550, 0x0000023c0f1def60,
0x0000023c0f1b7ce0, 0x0000023c0f1b7340, 0x0000023c0f1b7810, 0x0000023c0f1b9020
}

Java Threads: ( => current thread )
  0x0000023c746f38c0 JavaThread "Forwarding get on session 809f2eb3193405d095580057ca3f6180 to remote" [_thread_blocked, id=24500, stack(0x000000b28b000000,0x000000b28b100000)]
  0x0000023c7dc2e010 JavaThread "Reference Handler" daemon [_thread_blocked, id=14480, stack(0x000000b28b700000,0x000000b28b800000)]
  0x0000023c7dc31050 JavaThread "Finalizer" daemon [_thread_blocked, id=24512, stack(0x000000b28b800000,0x000000b28b900000)]
  0x0000023c7dc38b60 JavaThread "Signal Dispatcher" daemon [_thread_blocked, id=24248, stack(0x000000b28b900000,0x000000b28ba00000)]
  0x0000023c7dc3b830 JavaThread "Attach Listener" daemon [_thread_blocked, id=24348, stack(0x000000b28ba00000,0x000000b28bb00000)]
  0x0000023c7dc3c890 JavaThread "Service Thread" daemon [_thread_blocked, id=24376, stack(0x000000b28bb00000,0x000000b28bc00000)]
=>0x0000023c7dc3e960 JavaThread "C2 CompilerThread0" daemon [_thread_in_native, id=24380, stack(0x000000b28bc00000,0x000000b28bd00000)]
  0x0000023c7e574db0 JavaThread "C1 CompilerThread0" daemon [_thread_blocked, id=21940, stack(0x000000b28bd00000,0x000000b28be00000)]
  0x0000023c7e57e620 JavaThread "Sweeper thread" daemon [_thread_blocked, id=24388, stack(0x000000b28be00000,0x000000b28bf00000)]
  0x0000023c7e738d80 JavaThread "Notification Thread" daemon [_thread_blocked, id=23768, stack(0x000000b28bf00000,0x000000b28c000000)]
  0x0000023c7e744340 JavaThread "Common-Cleaner" daemon [_thread_blocked, id=23912, stack(0x000000b28c100000,0x000000b28c200000)]
  0x0000023c7eaa83e0 JavaThread "ReaderThread" [_thread_in_native, id=23916, stack(0x000000b28c300000,0x000000b28c400000)]
  0x0000023c7ee0d3b0 JavaThread "ForkJoinPool.commonPool-worker-3" daemon [_thread_blocked, id=24436, stack(0x000000b28c700000,0x000000b28c800000)]
  0x0000023c0f0cd3e0 JavaThread "AsyncHttpClient-1-1" daemon [_thread_blocked, id=24444, stack(0x000000b28c800000,0x000000b28c900000)]
  0x0000023c0f21bdf0 JavaThread "netty-client-timer-3-1" daemon [_thread_blocked, id=13520, stack(0x000000b28c900000,0x000000b28ca00000)]
  0x0000023c0f3f1580 JavaThread "Exec Default Executor" daemon [_thread_in_native, id=24492, stack(0x000000b28ca00000,0x000000b28cb00000)]
  0x0000023c0f3cb1a0 JavaThread "ForkJoinPool.commonPool-worker-5" daemon [_thread_blocked, id=22628, stack(0x000000b28cb00000,0x000000b28cc00000)]
  0x0000023c0f21b8e0 JavaThread "UrlChecker-2" daemon [_thread_blocked, id=24524, stack(0x000000b28cc00000,0x000000b28cd00000)]
  0x0000023c0f19f550 JavaThread "Exec Stream Pumper" daemon [_thread_in_native, id=23616, stack(0x000000b28cd00000,0x000000b28ce00000)]
  0x0000023c0f1def60 JavaThread "Exec Stream Pumper" daemon [_thread_in_native, id=24528, stack(0x000000b28ce00000,0x000000b28cf00000)]
  0x0000023c0f1b7ce0 JavaThread "Keep-Alive-Timer" daemon [_thread_blocked, id=21320, stack(0x000000b28d000000,0x000000b28d100000)]
  0x0000023c0f1b7340 JavaThread "AsyncHttpClient-1-2" daemon [_thread_in_native, id=24484, stack(0x000000b28d200000,0x000000b28d300000)]
  0x0000023c0f1b7810 JavaThread "AsyncHttpClient-1-3" daemon [_thread_in_native, id=22604, stack(0x000000b28d300000,0x000000b28d400000)]
  0x0000023c0f1b9020 JavaThread "AsyncHttpClient-1-4" daemon [_thread_in_native, id=18484, stack(0x000000b28d400000,0x000000b28d500000)]

Other Threads:
  0x0000023c7dbf4900 VMThread "VM Thread" [stack: 0x000000b28b600000,0x000000b28b700000] [id=23872]
  0x0000023c7e73a000 WatcherThread [stack: 0x000000b28c000000,0x000000b28c100000] [id=23764]
  0x0000023c747296f0 GCTaskThread "GC Thread#0" [stack: 0x000000b28b100000,0x000000b28b200000] [id=23032]
  0x0000023c7f07bc10 GCTaskThread "GC Thread#1" [stack: 0x000000b28c200000,0x000000b28c300000] [id=24420]
  0x0000023c7f07a5c0 GCTaskThread "GC Thread#2" [stack: 0x000000b28c400000,0x000000b28c500000] [id=21264]
  0x0000023c7f07bf40 GCTaskThread "GC Thread#3" [stack: 0x000000b28c500000,0x000000b28c600000] [id=24392]
  0x0000023c747374c0 ConcurrentGCThread "G1 Main Marker" [stack: 0x000000b28b200000,0x000000b28b300000] [id=9364]
  0x0000023c74737fd0 ConcurrentGCThread "G1 Conc#0" [stack: 0x000000b28b300000,0x000000b28b400000] [id=22164]
  0x0000023c7478b320 ConcurrentGCThread "G1 Refine#0" [stack: 0x000000b28b400000,0x000000b28b500000] [id=24312]
  0x0000023c7ee40940 ConcurrentGCThread "G1 Refine#1" [stack: 0x000000b28c600000,0x000000b28c700000] [id=23160]
  0x0000023c7478cb80 ConcurrentGCThread "G1 Young RemSet Sampling" [stack: 0x000000b28b500000,0x000000b28b600000] [id=24340]

Threads with active compile tasks:
C2 CompilerThread0     6933 1780       4       java.io.DataInputStream::readUTF (501 bytes)

VM state: not at safepoint (normal execution)

VM Mutex/Monitor currently owned by a thread: None

Heap address: 0x00000000a5200000, size: 1454 MB, Compressed Oops mode: 32-bit
CDS disabled.
Compressed class space mapped at: 0x0000000100000000-0x0000000140000000, size: 1073741824
Narrow klass base: 0x0000000000000000, Narrow klass shift: 3, Narrow klass range: 0x140000000

GC Precious Log:
 CPUs: 4 total, 4 available
 Memory: 5814M
 Large Page Support: Disabled
 NUMA Support: Disabled
 Compressed Oops: Enabled (32-bit)
 Heap Region Size: 1M
 Heap Min Capacity: 8M
 Heap Initial Capacity: 92M
 Heap Max Capacity: 1454M
 Pre-touch: Disabled
 Parallel Workers: 4
 Concurrent Workers: 1
 Concurrent Refinement Workers: 4
 Periodic GC: Disabled

Heap:
 garbage-first heap   total 46080K, used 29621K [0x00000000a5200000, 0x0000000100000000)
  region size 1024K, 5 young (5120K), 0 survivors (0K)
 Metaspace       used 26751K, capacity 26977K, committed 27136K, reserved 1081344K
  class space    used 2963K, capacity 3037K, committed 3072K, reserved 1048576K

Heap Regions: E=young(eden), S=young(survivor), O=old, HS=humongous(starts), HC=humongous(continues), CS=collection set, F=free, OA=open archive, CA=closed archive, TAMS=top-at-mark-start (previous, next)
|   0|0x00000000a5200000, 0x00000000a52ffcb8, 0x00000000a5300000| 99%| O|  |TAMS 0x00000000a5200000, 0x00000000a5200000| Untracked 
|   1|0x00000000a5300000, 0x00000000a53ffdf8, 0x00000000a5400000| 99%| O|  |TAMS 0x00000000a5300000, 0x00000000a5300000| Untracked 
|   2|0x00000000a5400000, 0x00000000a54fffe8, 0x00000000a5500000| 99%| O|  |TAMS 0x00000000a5400000, 0x00000000a5400000| Untracked 
|   3|0x00000000a5500000, 0x00000000a5600000, 0x00000000a5600000|100%| O|  |TAMS 0x00000000a5500000, 0x00000000a5500000| Untracked 
|   4|0x00000000a5600000, 0x00000000a56fffd0, 0x00000000a5700000| 99%| O|  |TAMS 0x00000000a5600000, 0x00000000a5600000| Untracked 
|   5|0x00000000a5700000, 0x00000000a5771b38, 0x00000000a5800000| 44%| O|  |TAMS 0x00000000a5700000, 0x00000000a5700000| Untracked 
|   6|0x00000000a5800000, 0x00000000a58f7948, 0x00000000a5900000| 96%| O|  |TAMS 0x00000000a5800000, 0x00000000a5800000| Untracked 
|   7|0x00000000a5900000, 0x00000000a59ffff8, 0x00000000a5a00000| 99%| O|  |TAMS 0x00000000a5900000, 0x00000000a5900000| Untracked 
|   8|0x00000000a5a00000, 0x00000000a5a00000, 0x00000000a5b00000|  0%| F|  |TAMS 0x00000000a5a00000, 0x00000000a5a00000| Untracked 
|   9|0x00000000a5b00000, 0x00000000a5b00000, 0x00000000a5c00000|  0%| F|  |TAMS 0x00000000a5b00000, 0x00000000a5b00000| Untracked 
|  10|0x00000000a5c00000, 0x00000000a5c00000, 0x00000000a5d00000|  0%| F|  |TAMS 0x00000000a5c00000, 0x00000000a5c00000| Untracked 
|  11|0x00000000a5d00000, 0x00000000a5d00000, 0x00000000a5e00000|  0%| F|  |TAMS 0x00000000a5d00000, 0x00000000a5d00000| Untracked 
|  12|0x00000000a5e00000, 0x00000000a5e00000, 0x00000000a5f00000|  0%| F|  |TAMS 0x00000000a5e00000, 0x00000000a5e00000| Untracked 
|  13|0x00000000a5f00000, 0x00000000a5f00000, 0x00000000a6000000|  0%| F|  |TAMS 0x00000000a5f00000, 0x00000000a5f00000| Untracked 
|  14|0x00000000a6000000, 0x00000000a6000000, 0x00000000a6100000|  0%| F|  |TAMS 0x00000000a6000000, 0x00000000a6000000| Untracked 
|  15|0x00000000a6100000, 0x00000000a6100000, 0x00000000a6200000|  0%| F|  |TAMS 0x00000000a6100000, 0x00000000a6100000| Untracked 
|  16|0x00000000a6200000, 0x00000000a6300000, 0x00000000a6300000|100%|HS|  |TAMS 0x00000000a6200000, 0x00000000a6200000| Untracked 
|  17|0x00000000a6300000, 0x00000000a6400000, 0x00000000a6400000|100%|HC|  |TAMS 0x00000000a6300000, 0x00000000a6300000| Untracked 
|  18|0x00000000a6400000, 0x00000000a6500000, 0x00000000a6500000|100%|HC|  |TAMS 0x00000000a6400000, 0x00000000a6400000| Untracked 
|  19|0x00000000a6500000, 0x00000000a6600000, 0x00000000a6600000|100%|HC|  |TAMS 0x00000000a6500000, 0x00000000a6500000| Untracked 
|  20|0x00000000a6600000, 0x00000000a6700000, 0x00000000a6700000|100%|HC|  |TAMS 0x00000000a6600000, 0x00000000a6600000| Untracked 
|  21|0x00000000a6700000, 0x00000000a6800000, 0x00000000a6800000|100%|HC|  |TAMS 0x00000000a6700000, 0x00000000a6700000| Untracked 
|  22|0x00000000a6800000, 0x00000000a6900000, 0x00000000a6900000|100%|HC|  |TAMS 0x00000000a6800000, 0x00000000a6800000| Untracked 
|  23|0x00000000a6900000, 0x00000000a6a00000, 0x00000000a6a00000|100%|HC|  |TAMS 0x00000000a6900000, 0x00000000a6900000| Untracked 
|  24|0x00000000a6a00000, 0x00000000a6b00000, 0x00000000a6b00000|100%|HC|  |TAMS 0x00000000a6a00000, 0x00000000a6a00000| Untracked 
|  25|0x00000000a6b00000, 0x00000000a6c00000, 0x00000000a6c00000|100%|HC|  |TAMS 0x00000000a6b00000, 0x00000000a6b00000| Untracked 
|  26|0x00000000a6c00000, 0x00000000a6d00000, 0x00000000a6d00000|100%|HC|  |TAMS 0x00000000a6c00000, 0x00000000a6c00000| Untracked 
|  27|0x00000000a6d00000, 0x00000000a6e00000, 0x00000000a6e00000|100%|HC|  |TAMS 0x00000000a6d00000, 0x00000000a6d00000| Untracked 
|  28|0x00000000a6e00000, 0x00000000a6f00000, 0x00000000a6f00000|100%|HC|  |TAMS 0x00000000a6e00000, 0x00000000a6e00000| Untracked 
|  29|0x00000000a6f00000, 0x00000000a7000000, 0x00000000a7000000|100%|HC|  |TAMS 0x00000000a6f00000, 0x00000000a6f00000| Untracked 
|  30|0x00000000a7000000, 0x00000000a7100000, 0x00000000a7100000|100%|HC|  |TAMS 0x00000000a7000000, 0x00000000a7000000| Untracked 
|  31|0x00000000a7100000, 0x00000000a7200000, 0x00000000a7200000|100%|HC|  |TAMS 0x00000000a7100000, 0x00000000a7100000| Untracked 
|  32|0x00000000a7200000, 0x00000000a7300000, 0x00000000a7300000|100%|HC|  |TAMS 0x00000000a7200000, 0x00000000a7200000| Untracked 
|  33|0x00000000a7300000, 0x00000000a7300000, 0x00000000a7400000|  0%| F|  |TAMS 0x00000000a7300000, 0x00000000a7300000| Untracked 
|  34|0x00000000a7400000, 0x00000000a7400000, 0x00000000a7500000|  0%| F|  |TAMS 0x00000000a7400000, 0x00000000a7400000| Untracked 
|  35|0x00000000a7500000, 0x00000000a7500000, 0x00000000a7600000|  0%| F|  |TAMS 0x00000000a7500000, 0x00000000a7500000| Untracked 
|  36|0x00000000a7600000, 0x00000000a7600000, 0x00000000a7700000|  0%| F|  |TAMS 0x00000000a7600000, 0x00000000a7600000| Untracked 
|  37|0x00000000a7700000, 0x00000000a7700000, 0x00000000a7800000|  0%| F|  |TAMS 0x00000000a7700000, 0x00000000a7700000| Untracked 
|  38|0x00000000a7800000, 0x00000000a7800000, 0x00000000a7900000|  0%| F|  |TAMS 0x00000000a7800000, 0x00000000a7800000| Untracked 
|  39|0x00000000a7900000, 0x00000000a793f478, 0x00000000a7a00000| 24%| E|  |TAMS 0x00000000a7900000, 0x00000000a7900000| Complete 
|  71|0x00000000a9900000, 0x00000000a9984528, 0x00000000a9a00000| 51%| O|  |TAMS 0x00000000a9900000, 0x00000000a9900000| Untracked 
|  72|0x00000000a9a00000, 0x00000000a9b00000, 0x00000000a9b00000|100%| E|CS|TAMS 0x00000000a9a00000, 0x00000000a9a00000| Complete 
|  73|0x00000000a9b00000, 0x00000000a9c00000, 0x00000000a9c00000|100%| E|CS|TAMS 0x00000000a9b00000, 0x00000000a9b00000| Complete 
|  90|0x00000000aac00000, 0x00000000aad00000, 0x00000000aad00000|100%| E|CS|TAMS 0x00000000aac00000, 0x00000000aac00000| Complete 
|  91|0x00000000aad00000, 0x00000000aae00000, 0x00000000aae00000|100%| E|CS|TAMS 0x00000000aad00000, 0x00000000aad00000| Complete 

Card table byte_map: [0x0000023c783d0000,0x0000023c786b0000] _byte_map_base: 0x0000023c77ea7000

Marking Bits (Prev, Next): (CMBitMap*) 0x0000023c7472ae00, (CMBitMap*) 0x0000023c7472ae40
 Prev Bits: [0x0000023c78990000, 0x0000023c7a048000)
 Next Bits: [0x0000023c7a050000, 0x0000023c7b708000)

Polling page: 0x0000023c72510000

Metaspace:

Usage:
  Non-class:     23.38 MB capacity,    23.23 MB (>99%) used,   123.11 KB ( <1%) free+waste,    28.69 KB ( <1%) overhead. 
      Class:      2.97 MB capacity,     2.89 MB ( 98%) used,    63.45 KB (  2%) free+waste,    10.13 KB ( <1%) overhead. 
       Both:     26.34 MB capacity,    26.12 MB (>99%) used,   186.56 KB ( <1%) free+waste,    38.81 KB ( <1%) overhead. 

Virtual space:
  Non-class space:       32.00 MB reserved,      23.50 MB ( 73%) committed 
      Class space:        1.00 GB reserved,       3.00 MB ( <1%) committed 
             Both:        1.03 GB reserved,      26.50 MB (  3%) committed 

Chunk freelists:
   Non-Class:  60.00 KB
       Class:  3.00 KB
        Both:  63.00 KB

MaxMetaspaceSize: 17179869184.00 GB
CompressedClassSpaceSize: 1.00 GB

CodeHeap 'non-profiled nmethods': size=120000Kb used=704Kb max_used=704Kb free=119295Kb
 bounds [0x0000023c07ad0000, 0x0000023c07d40000, 0x0000023c0f000000]
CodeHeap 'profiled nmethods': size=120000Kb used=3427Kb max_used=3427Kb free=116572Kb
 bounds [0x0000023c005a0000, 0x0000023c00900000, 0x0000023c07ad0000]
CodeHeap 'non-nmethods': size=5760Kb used=1250Kb max_used=1265Kb free=4510Kb
 bounds [0x0000023c00000000, 0x0000023c00270000, 0x0000023c005a0000]
 total_blobs=2417 nmethods=1888 adapters=442
 compilation: enabled
              stopped_count=0, restarted_count=0
 full_count=0

Compilation events (20 events):
Event: 5.761 Thread 0x0000023c7e574db0 nmethod 1771 0x0000023c008cb010 code [0x0000023c008cb1e0, 0x0000023c008cb588]
Event: 5.761 Thread 0x0000023c7e574db0 1773       3       java.io.DataInputStream::readShort (40 bytes)
Event: 5.761 Thread 0x0000023c7e574db0 nmethod 1773 0x0000023c008cb710 code [0x0000023c008cb8e0, 0x0000023c008cbc88]
Event: 5.761 Thread 0x0000023c7e574db0 1774       3       java.io.DataInputStream::readFully (9 bytes)
Event: 5.762 Thread 0x0000023c7e574db0 nmethod 1774 0x0000023c008cbe10 code [0x0000023c008cbfc0, 0x0000023c008cc108]
Event: 5.764 Thread 0x0000023c7dc3e960 1775  s    4       java.io.BufferedInputStream::read (49 bytes)
Event: 5.767 Thread 0x0000023c7e574db0 1776       3       java.io.DataInputStream::readByte (23 bytes)
Event: 5.768 Thread 0x0000023c7e574db0 nmethod 1776 0x0000023c008cc210 code [0x0000023c008cc3c0, 0x0000023c008cc698]
Event: 5.769 Thread 0x0000023c7dc3e960 nmethod 1775 0x0000023c07b77e90 code [0x0000023c07b78020, 0x0000023c07b783a8]
Event: 5.773 Thread 0x0000023c7e574db0 1777       3       java.util.zip.Checksum::update (11 bytes)
Event: 5.773 Thread 0x0000023c7e574db0 nmethod 1777 0x0000023c008cc790 code [0x0000023c008cc940, 0x0000023c008ccb28]
Event: 5.773 Thread 0x0000023c7e574db0 1778       3       java.util.zip.CRC32::update (51 bytes)
Event: 5.774 Thread 0x0000023c7e574db0 nmethod 1778 0x0000023c008ccc10 code [0x0000023c008cce00, 0x0000023c008cd278]
Event: 5.774 Thread 0x0000023c7e574db0 1779       3       java.util.zip.CRC32::updateBytes (14 bytes)
Event: 5.775 Thread 0x0000023c7e574db0 nmethod 1779 0x0000023c008cd490 code [0x0000023c008cd640, 0x0000023c008cd7b8]
Event: 5.780 Thread 0x0000023c7dc3e960 1780       4       java.io.DataInputStream::readUTF (501 bytes)
Event: 5.782 Thread 0x0000023c7e574db0 1781       3       java.util.concurrent.ConcurrentHashMap::resizeStamp (9 bytes)
Event: 5.783 Thread 0x0000023c7e574db0 nmethod 1781 0x0000023c008cd890 code [0x0000023c008cda20, 0x0000023c008cdb28]
Event: 5.785 Thread 0x0000023c7e574db0 1783       3       java.util.concurrent.ConcurrentHashMap$KeyIterator::next (34 bytes)
Event: 5.785 Thread 0x0000023c7e574db0 nmethod 1783 0x0000023c008cdc10 code [0x0000023c008cdde0, 0x0000023c008ce078]

GC Heap History (10 events):
Event: 1.554 GC heap before
{Heap before GC invocations=0 (full 0):
 garbage-first heap   total 94208K, used 12288K [0x00000000a5200000, 0x0000000100000000)
  region size 1024K, 13 young (13312K), 0 survivors (0K)
 Metaspace       used 12330K, capacity 12437K, committed 12544K, reserved 1060864K
  class space    used 1161K, capacity 1181K, committed 1280K, reserved 1048576K
}
Event: 1.562 GC heap after
{Heap after GC invocations=1 (full 0):
 garbage-first heap   total 94208K, used 4215K [0x00000000a5200000, 0x0000000100000000)
  region size 1024K, 2 young (2048K), 2 survivors (2048K)
 Metaspace       used 12330K, capacity 12437K, committed 12544K, reserved 1060864K
  class space    used 1161K, capacity 1181K, committed 1280K, reserved 1048576K
}
Event: 2.190 GC heap before
{Heap before GC invocations=1 (full 0):
 garbage-first heap   total 94208K, used 15479K [0x00000000a5200000, 0x0000000100000000)
  region size 1024K, 13 young (13312K), 2 survivors (2048K)
 Metaspace       used 16067K, capacity 16243K, committed 16512K, reserved 1064960K
  class space    used 1597K, capacity 1643K, committed 1664K, reserved 1048576K
}
Event: 2.196 GC heap after
{Heap after GC invocations=2 (full 0):
 garbage-first heap   total 94208K, used 5481K [0x00000000a5200000, 0x0000000100000000)
  region size 1024K, 2 young (2048K), 2 survivors (2048K)
 Metaspace       used 16067K, capacity 16243K, committed 16512K, reserved 1064960K
  class space    used 1597K, capacity 1643K, committed 1664K, reserved 1048576K
}
Event: 3.511 GC heap before
{Heap before GC invocations=2 (full 0):
 garbage-first heap   total 94208K, used 20841K [0x00000000a5200000, 0x0000000100000000)
  region size 1024K, 18 young (18432K), 2 survivors (2048K)
 Metaspace       used 21016K, capacity 21195K, committed 21296K, reserved 1069056K
  class space    used 2174K, capacity 2243K, committed 2304K, reserved 1048576K
}
Event: 3.518 GC heap after
{Heap after GC invocations=3 (full 0):
 garbage-first heap   total 94208K, used 7162K [0x00000000a5200000, 0x0000000100000000)
  region size 1024K, 3 young (3072K), 3 survivors (3072K)
 Metaspace       used 21016K, capacity 21195K, committed 21296K, reserved 1069056K
  class space    used 2174K, capacity 2243K, committed 2304K, reserved 1048576K
}
Event: 4.284 GC heap before
{Heap before GC invocations=4 (full 0):
 garbage-first heap   total 34816K, used 21498K [0x00000000a5200000, 0x0000000100000000)
  region size 1024K, 18 young (18432K), 3 survivors (3072K)
 Metaspace       used 24442K, capacity 24673K, committed 24832K, reserved 1071104K
  class space    used 2684K, capacity 2740K, committed 2816K, reserved 1048576K
}
Event: 4.292 GC heap after
{Heap after GC invocations=5 (full 0):
 garbage-first heap   total 34816K, used 8118K [0x00000000a5200000, 0x0000000100000000)
  region size 1024K, 4 young (4096K), 4 survivors (4096K)
 Metaspace       used 24442K, capacity 24673K, committed 24832K, reserved 1071104K
  class space    used 2684K, capacity 2740K, committed 2816K, reserved 1048576K
}
Event: 5.809 GC heap before
{Heap before GC invocations=6 (full 0):
 garbage-first heap   total 46080K, used 28598K [0x00000000a5200000, 0x0000000100000000)
  region size 1024K, 8 young (8192K), 4 survivors (4096K)
 Metaspace       used 25715K, capacity 25956K, committed 25984K, reserved 1079296K
  class space    used 2845K, capacity 2933K, committed 2944K, reserved 1048576K
}
Event: 5.819 GC heap after
{Heap after GC invocations=7 (full 0):
 garbage-first heap   total 46080K, used 26064K [0x00000000a5200000, 0x0000000100000000)
  region size 1024K, 2 young (2048K), 2 survivors (2048K)
 Metaspace       used 25715K, capacity 25956K, committed 25984K, reserved 1079296K
  class space    used 2845K, capacity 2933K, committed 2944K, reserved 1048576K
}

Deoptimization events (20 events):
Event: 2.684 Thread 0x0000023c746f38c0 DEOPT PACKING pc=0x0000023c07b434a8 sp=0x000000b28b0f72a0
Event: 2.684 Thread 0x0000023c746f38c0 DEOPT UNPACKING pc=0x0000023c0004e129 sp=0x000000b28b0f7228 mode 2
Event: 2.684 Thread 0x0000023c746f38c0 Uncommon trap: trap_request=0xffffffde fr.pc=0x0000023c07b434a8 relative=0x0000000000000108
Event: 2.684 Thread 0x0000023c746f38c0 Uncommon trap: reason=class_check action=maybe_recompile pc=0x0000023c07b434a8 method=jdk.internal.misc.Unsafe.allocateUninitializedArray(Ljava/lang/Class;I)Ljava/lang/Object; @ 51 c2
Event: 2.684 Thread 0x0000023c746f38c0 DEOPT PACKING pc=0x0000023c07b434a8 sp=0x000000b28b0f7340
Event: 2.684 Thread 0x0000023c746f38c0 DEOPT UNPACKING pc=0x0000023c0004e129 sp=0x000000b28b0f72c8 mode 2
Event: 2.684 Thread 0x0000023c746f38c0 Uncommon trap: trap_request=0xffffffde fr.pc=0x0000023c07b434a8 relative=0x0000000000000108
Event: 2.684 Thread 0x0000023c746f38c0 Uncommon trap: reason=class_check action=maybe_recompile pc=0x0000023c07b434a8 method=jdk.internal.misc.Unsafe.allocateUninitializedArray(Ljava/lang/Class;I)Ljava/lang/Object; @ 51 c2
Event: 2.684 Thread 0x0000023c746f38c0 DEOPT PACKING pc=0x0000023c07b434a8 sp=0x000000b28b0f7150
Event: 2.684 Thread 0x0000023c746f38c0 DEOPT UNPACKING pc=0x0000023c0004e129 sp=0x000000b28b0f70d8 mode 2
Event: 2.684 Thread 0x0000023c746f38c0 Uncommon trap: trap_request=0xffffffde fr.pc=0x0000023c07b434a8 relative=0x0000000000000108
Event: 2.684 Thread 0x0000023c746f38c0 Uncommon trap: reason=class_check action=maybe_recompile pc=0x0000023c07b434a8 method=jdk.internal.misc.Unsafe.allocateUninitializedArray(Ljava/lang/Class;I)Ljava/lang/Object; @ 51 c2
Event: 2.684 Thread 0x0000023c746f38c0 DEOPT PACKING pc=0x0000023c07b434a8 sp=0x000000b28b0f7150
Event: 2.684 Thread 0x0000023c746f38c0 DEOPT UNPACKING pc=0x0000023c0004e129 sp=0x000000b28b0f70d8 mode 2
Event: 2.886 Thread 0x0000023c746f38c0 Uncommon trap: trap_request=0xffffff45 fr.pc=0x0000023c07b43d58 relative=0x0000000000000538
Event: 2.886 Thread 0x0000023c746f38c0 Uncommon trap: reason=unstable_if action=reinterpret pc=0x0000023c07b43d58 method=java.lang.String.replace(CC)Ljava/lang/String; @ 2 c2
Event: 2.886 Thread 0x0000023c746f38c0 DEOPT PACKING pc=0x0000023c07b43d58 sp=0x000000b28b0fdaf0
Event: 2.886 Thread 0x0000023c746f38c0 DEOPT UNPACKING pc=0x0000023c0004e129 sp=0x000000b28b0fdaa0 mode 2
Event: 3.985 Thread 0x0000023c746f38c0 DEOPT PACKING pc=0x0000023c0082d102 sp=0x000000b28b0f9320
Event: 3.985 Thread 0x0000023c746f38c0 DEOPT UNPACKING pc=0x0000023c0004df30 sp=0x000000b28b0f8830 mode 0

Classes unloaded (0 events):
No events

Classes redefined (0 events):
No events

Internal exceptions (20 events):
Event: 2.907 Thread 0x0000023c0f3f1580 Exception <a 'java/lang/NoSuchMethodError'{0x00000000a9d77938}: 'java.lang.Object java.lang.invoke.DirectMethodHandle$Holder.newInvokeSpecial(java.lang.Object, java.lang.Object, long)'> (0x00000000a9d77938) 
thrown [./open/src/hotspot/share/interpreter/linkResolver.cpp, line 782]
Event: 2.908 Thread 0x0000023c0f3f1580 Exception <a 'java/lang/NoSuchMethodError'{0x00000000a9d7bd28}: 'java.lang.Object java.lang.invoke.Invokers$Holder.linkToTargetMethod(java.lang.Object, long, java.lang.Object)'> (0x00000000a9d7bd28) 
thrown [./open/src/hotspot/share/interpreter/linkResolver.cpp, line 782]
Event: 3.415 Thread 0x0000023c0f21b8e0 Exception <a 'java/net/SocketException'{0x00000000a9d527b8}: Socket is not connected: shutdown> (0x00000000a9d527b8) 
thrown [./open/src/hotspot/share/prims/jni.cpp, line 599]
Event: 3.461 Thread 0x0000023c746f38c0 Exception <a 'java/lang/NoSuchMethodError'{0x00000000a9deb158}: 'java.lang.Object java.lang.invoke.DirectMethodHandle$Holder.invokeInterface(java.lang.Object, java.lang.Object, java.lang.Object)'> (0x00000000a9deb158) 
thrown [./open/src/hotspot/share/interpreter/linkResolver.cpp, line 782]
Event: 3.462 Thread 0x0000023c746f38c0 Exception <a 'java/lang/IncompatibleClassChangeError'{0x00000000a9dee9f0}: Found class java.lang.Object, but interface was expected> (0x00000000a9dee9f0) 
thrown [./open/src/hotspot/share/interpreter/linkResolver.cpp, line 848]
Event: 3.466 Thread 0x0000023c746f38c0 Exception <a 'java/lang/NoSuchMethodError'{0x00000000a9df7b80}: 'int java.lang.invoke.DirectMethodHandle$Holder.invokeSpecialIFC(java.lang.Object, java.lang.Object, java.lang.Object, java.lang.Object)'> (0x00000000a9df7b80) 
thrown [./open/src/hotspot/share/interpreter/linkResolver.cpp, line 782]
Event: 3.469 Thread 0x0000023c746f38c0 Exception <a 'java/lang/NoSuchMethodError'{0x00000000a9c01338}: 'java.lang.Object java.lang.invoke.DirectMethodHandle$Holder.invokeInterface(java.lang.Object, java.lang.Object, java.lang.Object, java.lang.Object)'> (0x00000000a9c01338) 
thrown [./open/src/hotspot/share/interpreter/linkResolver.cpp, line 782]
Event: 3.474 Thread 0x0000023c746f38c0 Exception <a 'java/lang/NoSuchMethodError'{0x00000000a9c0e340}: 'void java.lang.invoke.DirectMethodHandle$Holder.invokeInterface(java.lang.Object, java.lang.Object, java.lang.Object)'> (0x00000000a9c0e340) 
thrown [./open/src/hotspot/share/interpreter/linkResolver.cpp, line 782]
Event: 3.493 Thread 0x0000023c746f38c0 Exception <a 'java/lang/NoSuchMethodError'{0x00000000a9c46138}: 'int java.lang.invoke.DirectMethodHandle$Holder.invokeVirtual(java.lang.Object, java.lang.Object)'> (0x00000000a9c46138) 
thrown [./open/src/hotspot/share/interpreter/linkResolver.cpp, line 782]
Event: 3.496 Thread 0x0000023c746f38c0 Exception <a 'java/lang/NoSuchMethodError'{0x00000000a9c4c9c0}: 'double java.lang.invoke.DirectMethodHandle$Holder.invokeVirtual(java.lang.Object, java.lang.Object)'> (0x00000000a9c4c9c0) 
thrown [./open/src/hotspot/share/interpreter/linkResolver.cpp, line 782]
Event: 3.497 Thread 0x0000023c746f38c0 Exception <a 'java/lang/NoSuchMethodError'{0x00000000a9c534f8}: 'float java.lang.invoke.DirectMethodHandle$Holder.invokeVirtual(java.lang.Object, java.lang.Object)'> (0x00000000a9c534f8) 
thrown [./open/src/hotspot/share/interpreter/linkResolver.cpp, line 782]
Event: 3.500 Thread 0x0000023c746f38c0 Exception <a 'java/lang/NoSuchMethodError'{0x00000000a9c61470}: 'long java.lang.invoke.DirectMethodHandle$Holder.invokeVirtual(java.lang.Object, java.lang.Object)'> (0x00000000a9c61470) 
thrown [./open/src/hotspot/share/interpreter/linkResolver.cpp, line 782]
Event: 3.510 Thread 0x0000023c746f38c0 Exception <a 'java/lang/NoSuchMethodError'{0x00000000a9c922f0}: 'void java.lang.invoke.DirectMethodHandle$Holder.invokeStatic(java.lang.Object, java.lang.Object, java.lang.Object)'> (0x00000000a9c922f0) 
thrown [./open/src/hotspot/share/interpreter/linkResolver.cpp, line 782]
Event: 3.522 Thread 0x0000023c746f38c0 Exception <a 'java/lang/NoSuchMethodError'{0x00000000aad80bf8}: 'java.lang.Object java.lang.invoke.DirectMethodHandle$Holder.invokeVirtual(java.lang.Object, java.lang.Object, java.lang.Object)'> (0x00000000aad80bf8) 
thrown [./open/src/hotspot/share/interpreter/linkResolver.cpp, line 782]
Event: 3.592 Thread 0x0000023c746f38c0 Exception <a 'java/lang/NoSuchMethodError'{0x00000000aacad598}: 'void java.lang.invoke.DirectMethodHandle$Holder.invokeSpecial(java.lang.Object, java.lang.Object, java.lang.Object, java.lang.Object, java.lang.Object)'> (0x00000000aacad598) 
thrown [./open/src/hotspot/share/interpreter/linkResolver.cpp, line 782]
Event: 3.595 Thread 0x0000023c746f38c0 Exception <a 'java/lang/NoSuchMethodError'{0x00000000aacb49a0}: 'void java.lang.invoke.DirectMethodHandle$Holder.invokeStatic(java.lang.Object, java.lang.Object, int)'> (0x00000000aacb49a0) 
thrown [./open/src/hotspot/share/interpreter/linkResolver.cpp, line 782]
Event: 3.738 Thread 0x0000023c746f38c0 Exception <a 'java/lang/NoSuchMethodError'{0x00000000a6cf5bc0}: 'java.lang.Object java.lang.invoke.Invokers$Holder.invokeExact_MT(java.lang.Object, java.lang.Object, java.lang.Object, java.lang.Object, java.lang.Object, java.lang.Object)'> (0x00000000a6cf5bc0) 
thrown [./open/src/hotspot/share/interpreter/linkResolver.cpp, line 782]
Event: 3.827 Thread 0x0000023c746f38c0 Exception <a 'java/lang/NoSuchMethodError'{0x00000000a6a75118}: 'void java.lang.invoke.DirectMethodHandle$Holder.invokeStatic(java.lang.Object, java.lang.Object, java.lang.Object, java.lang.Object)'> (0x00000000a6a75118) 
thrown [./open/src/hotspot/share/interpreter/linkResolver.cpp, line 782]
Event: 3.943 Thread 0x0000023c746f38c0 Exception <a 'java/lang/NoSuchMethodError'{0x00000000a68924e0}: 'void java.lang.invoke.DirectMethodHandle$Holder.invokeSpecial(java.lang.Object, java.lang.Object, java.lang.Object, java.lang.Object, java.lang.Object, java.lang.Object)'> (0x00000000a68924e0) 
thrown [./open/src/hotspot/share/interpreter/linkResolver.cpp, line 782]
Event: 5.726 Thread 0x0000023c746f38c0 Exception <a 'java/lang/NoSuchMethodError'{0x00000000a9ba9350}: 'java.lang.Object java.lang.invoke.DirectMethodHandle$Holder.invokeSpecialIFC(java.lang.Object, java.lang.Object, java.lang.Object)'> (0x00000000a9ba9350) 
thrown [./open/src/hotspot/share/interpreter/linkResolver.cpp, line 782]

Events (20 events):
Event: 5.797 loading class java/time/zone/ZoneOffsetTransition
Event: 5.798 loading class java/time/zone/ZoneOffsetTransition done
Event: 5.801 loading class java/time/LocalDate
Event: 5.802 loading class java/time/chrono/ChronoLocalDate
Event: 5.803 loading class java/time/chrono/ChronoLocalDate done
Event: 5.803 loading class java/time/LocalDate done
Event: 5.803 loading class java/time/temporal/ChronoField
Event: 5.804 loading class java/time/temporal/TemporalField
Event: 5.804 loading class java/time/temporal/TemporalField done
Event: 5.804 loading class java/time/temporal/ChronoField done
Event: 5.805 loading class java/time/temporal/ChronoUnit
Event: 5.805 loading class java/time/temporal/TemporalUnit
Event: 5.805 loading class java/time/temporal/TemporalUnit done
Event: 5.805 loading class java/time/temporal/ChronoUnit done
Event: 5.805 loading class java/time/temporal/ValueRange
Event: 5.806 loading class java/time/temporal/ValueRange done
Event: 5.806 loading class java/time/LocalTime
Event: 5.807 loading class java/time/LocalTime done
Event: 5.808 loading class java/time/chrono/IsoChronology
Event: 5.809 Executing VM operation: CollectForMetadataAllocation


Dynamic libraries:
0x00007ff626870000 - 0x00007ff62687d000 	C:\Users\nilto\.p2\pool\plugins\org.eclipse.justj.openjdk.hotspot.jre.full.win32.x86_64_15.0.2.v20210201-0955\jre\bin\javaw.exe
0x00007fff87220000 - 0x00007fff87410000 	C:\Windows\SYSTEM32\ntdll.dll
0x00007fff85350000 - 0x00007fff85402000 	C:\Windows\System32\KERNEL32.DLL
0x00007fff842e0000 - 0x00007fff84585000 	C:\Windows\System32\KERNELBASE.dll
0x00007fff85170000 - 0x00007fff8526a000 	C:\Windows\System32\ucrtbase.dll
0x00007fff81b30000 - 0x00007fff81b49000 	C:\Users\nilto\.p2\pool\plugins\org.eclipse.justj.openjdk.hotspot.jre.full.win32.x86_64_15.0.2.v20210201-0955\jre\bin\VCRUNTIME140.dll
0x00007fff81b50000 - 0x00007fff81b68000 	C:\Users\nilto\.p2\pool\plugins\org.eclipse.justj.openjdk.hotspot.jre.full.win32.x86_64_15.0.2.v20210201-0955\jre\bin\jli.dll
0x00007fff85410000 - 0x00007fff855a4000 	C:\Windows\System32\USER32.dll
0x00007fff74fb0000 - 0x00007fff75234000 	C:\Windows\WinSxS\amd64_microsoft.windows.common-controls_6595b64144ccf1df_6.0.18362.1256_none_9e7e379be45e40e2\COMCTL32.dll
0x00007fff84f10000 - 0x00007fff84f31000 	C:\Windows\System32\win32u.dll
0x00007fff85ad0000 - 0x00007fff85b6e000 	C:\Windows\System32\msvcrt.dll
0x00007fff86360000 - 0x00007fff86386000 	C:\Windows\System32\GDI32.dll
0x00007fff84f40000 - 0x00007fff850d6000 	C:\Windows\System32\gdi32full.dll
0x00007fff85d10000 - 0x00007fff86046000 	C:\Windows\System32\combase.dll
0x00007fff85b70000 - 0x00007fff85c90000 	C:\Windows\System32\RPCRT4.dll
0x00007fff845c0000 - 0x00007fff8465e000 	C:\Windows\System32\msvcp_win.dll
0x00007fff850e0000 - 0x00007fff85161000 	C:\Windows\System32\bcryptPrimitives.dll
0x00007fff86220000 - 0x00007fff8624e000 	C:\Windows\System32\IMM32.DLL
0x00007fff81b00000 - 0x00007fff81b0c000 	C:\Users\nilto\.p2\pool\plugins\org.eclipse.justj.openjdk.hotspot.jre.full.win32.x86_64_15.0.2.v20210201-0955\jre\bin\vcruntime140_1.dll
0x00007fff7d5f0000 - 0x00007fff7d681000 	C:\Users\nilto\.p2\pool\plugins\org.eclipse.justj.openjdk.hotspot.jre.full.win32.x86_64_15.0.2.v20210201-0955\jre\bin\msvcp140.dll
0x00007fff4b3c0000 - 0x00007fff4bf1e000 	C:\Users\nilto\.p2\pool\plugins\org.eclipse.justj.openjdk.hotspot.jre.full.win32.x86_64_15.0.2.v20210201-0955\jre\bin\server\jvm.dll
0x00007fff862b0000 - 0x00007fff86353000 	C:\Windows\System32\ADVAPI32.dll
0x00007fff857c0000 - 0x00007fff85857000 	C:\Windows\System32\sechost.dll
0x00007fff85a50000 - 0x00007fff85a58000 	C:\Windows\System32\PSAPI.DLL
0x00007fff68470000 - 0x00007fff68479000 	C:\Windows\SYSTEM32\WSOCK32.dll
0x00007fff87170000 - 0x00007fff871df000 	C:\Windows\System32\WS2_32.dll
0x00007fff81610000 - 0x00007fff81634000 	C:\Windows\SYSTEM32\WINMM.dll
0x00007fff754b0000 - 0x00007fff754ba000 	C:\Windows\SYSTEM32\VERSION.dll
0x00007fff815e0000 - 0x00007fff8160d000 	C:\Windows\SYSTEM32\winmmbase.dll
0x00007fff84ec0000 - 0x00007fff84f0a000 	C:\Windows\System32\cfgmgr32.dll
0x00007fff84120000 - 0x00007fff84131000 	C:\Windows\System32\kernel.appcore.dll
0x00007fff63b90000 - 0x00007fff63b9a000 	C:\Users\nilto\.p2\pool\plugins\org.eclipse.justj.openjdk.hotspot.jre.full.win32.x86_64_15.0.2.v20210201-0955\jre\bin\jimage.dll
0x00007fff73c60000 - 0x00007fff73e54000 	C:\Windows\SYSTEM32\DBGHELP.DLL
0x00007fff73bd0000 - 0x00007fff73bfa000 	C:\Windows\SYSTEM32\dbgcore.DLL
0x00007fff5f140000 - 0x00007fff5f165000 	C:\Users\nilto\.p2\pool\plugins\org.eclipse.justj.openjdk.hotspot.jre.full.win32.x86_64_15.0.2.v20210201-0955\jre\bin\java.dll
0x00007fff5f3a0000 - 0x00007fff5f3b8000 	C:\Users\nilto\.p2\pool\plugins\org.eclipse.justj.openjdk.hotspot.jre.full.win32.x86_64_15.0.2.v20210201-0955\jre\bin\zip.dll
0x00007fff868d0000 - 0x00007fff86fb7000 	C:\Windows\System32\SHELL32.dll
0x00007fff855b0000 - 0x00007fff85659000 	C:\Windows\System32\shcore.dll
0x00007fff84730000 - 0x00007fff84eb1000 	C:\Windows\System32\windows.storage.dll
0x00007fff840f0000 - 0x00007fff84113000 	C:\Windows\System32\profapi.dll
0x00007fff84140000 - 0x00007fff8418a000 	C:\Windows\System32\powrprof.dll
0x00007fff840c0000 - 0x00007fff840d0000 	C:\Windows\System32\UMPDC.dll
0x00007fff86250000 - 0x00007fff862a2000 	C:\Windows\System32\shlwapi.dll
0x00007fff84660000 - 0x00007fff84677000 	C:\Windows\System32\cryptsp.dll
0x00007fff5f120000 - 0x00007fff5f139000 	C:\Users\nilto\.p2\pool\plugins\org.eclipse.justj.openjdk.hotspot.jre.full.win32.x86_64_15.0.2.v20210201-0955\jre\bin\net.dll
0x00007fff7b020000 - 0x00007fff7b110000 	C:\Windows\SYSTEM32\WINHTTP.dll
0x00007fff838c0000 - 0x00007fff83927000 	C:\Windows\system32\mswsock.dll
0x00007fff5f100000 - 0x00007fff5f112000 	C:\Users\nilto\.p2\pool\plugins\org.eclipse.justj.openjdk.hotspot.jre.full.win32.x86_64_15.0.2.v20210201-0955\jre\bin\nio.dll
0x00007fff5f0f0000 - 0x00007fff5f100000 	C:\Users\nilto\.p2\pool\plugins\org.eclipse.justj.openjdk.hotspot.jre.full.win32.x86_64_15.0.2.v20210201-0955\jre\bin\verify.dll
0x00007fff835e0000 - 0x00007fff8361a000 	C:\Windows\SYSTEM32\IPHLPAPI.DLL
0x00007fff85ac0000 - 0x00007fff85ac8000 	C:\Windows\System32\NSI.dll
0x00007fff7b9e0000 - 0x00007fff7b9f6000 	C:\Windows\SYSTEM32\dhcpcsvc6.DLL
0x00007fff7bbf0000 - 0x00007fff7bc0c000 	C:\Windows\SYSTEM32\dhcpcsvc.DLL
0x00007fff83630000 - 0x00007fff836fb000 	C:\Windows\SYSTEM32\DNSAPI.dll
0x00007fff7aea0000 - 0x00007fff7aeaa000 	C:\Windows\System32\rasadhlp.dll
0x00007fff7b6f0000 - 0x00007fff7b767000 	C:\Windows\System32\fwpuclnt.dll
0x00007fff84590000 - 0x00007fff845b6000 	C:\Windows\System32\bcrypt.dll
0x00007fff7d530000 - 0x00007fff7d539000 	C:\Users\nilto\.p2\pool\plugins\org.eclipse.justj.openjdk.hotspot.jre.full.win32.x86_64_15.0.2.v20210201-0955\jre\bin\management.dll
0x00007fff78a50000 - 0x00007fff78a5b000 	C:\Users\nilto\.p2\pool\plugins\org.eclipse.justj.openjdk.hotspot.jre.full.win32.x86_64_15.0.2.v20210201-0955\jre\bin\management_ext.dll
0x00007fff63a40000 - 0x00007fff63a4d000 	C:\Users\nilto\.p2\pool\plugins\org.eclipse.justj.openjdk.hotspot.jre.full.win32.x86_64_15.0.2.v20210201-0955\jre\bin\sunmscapi.dll
0x00007fff84190000 - 0x00007fff842d9000 	C:\Windows\System32\CRYPT32.dll
0x00007fff840d0000 - 0x00007fff840e2000 	C:\Windows\System32\MSASN1.dll
0x00007fff83b40000 - 0x00007fff83b66000 	C:\Windows\SYSTEM32\ncrypt.dll
0x00007fff83b00000 - 0x00007fff83b3b000 	C:\Windows\SYSTEM32\NTASN1.dll
0x00007fff83440000 - 0x00007fff83473000 	C:\Windows\system32\rsaenh.dll
0x00007fff83fe0000 - 0x00007fff84005000 	C:\Windows\SYSTEM32\USERENV.dll
0x00007fff83a40000 - 0x00007fff83a4c000 	C:\Windows\SYSTEM32\CRYPTBASE.dll
0x00007fff64010000 - 0x00007fff64026000 	C:\Windows\system32\napinsp.dll
0x00007fff5fd70000 - 0x00007fff5fd8a000 	C:\Windows\system32\pnrpnsp.dll
0x00007fff7ec50000 - 0x00007fff7ec5e000 	C:\Windows\System32\winrnr.dll
0x00007fff80880000 - 0x00007fff8089c000 	C:\Windows\system32\NLAapi.dll
0x00007fff5fc80000 - 0x00007fff5fc95000 	C:\Windows\system32\wshbth.dll

dbghelp: loaded successfully - version: 4.0.5 - missing functions: none
symbol engine: initialized successfully - sym options: 0x614 - pdb path: .;C:\Users\nilto\.p2\pool\plugins\org.eclipse.justj.openjdk.hotspot.jre.full.win32.x86_64_15.0.2.v20210201-0955\jre\bin;C:\Windows\SYSTEM32;C:\Windows\WinSxS\amd64_microsoft.windows.common-controls_6595b64144ccf1df_6.0.18362.1256_none_9e7e379be45e40e2;C:\Users\nilto\.p2\pool\plugins\org.eclipse.justj.openjdk.hotspot.jre.full.win32.x86_64_15.0.2.v20210201-0955\jre\bin\server

VM Arguments:
jvm_args: -ea -Dfile.encoding=Cp1252 -XX:+ShowCodeDetailsInExceptionMessages 
java_command: org.eclipse.jdt.internal.junit.runner.RemoteTestRunner -version 3 -port 60072 -testLoaderClass org.eclipse.jdt.internal.junit4.runner.JUnit4TestLoader -loaderpluginname org.eclipse.jdt.junit4.runtime -classNames tests.autoTest
java_class_path (initial): C:\Users\nilto\eclipse-workspace\autotest\target\test-classes;C:\Users\nilto\eclipse-workspace\autotest\target\classes;C:\Users\nilto\.p2\pool\plugins\org.junit_4.13.0.v20200204-1500.jar;C:\Users\nilto\.p2\pool\plugins\org.hamcrest.core_1.3.0.v20180420-1519.jar;C:\Users\nilto\.m2\repository\org\junit\jupiter\junit-jupiter-api\5.8.0-M1\junit-jupiter-api-5.8.0-M1.jar;C:\Users\nilto\.m2\repository\org\apiguardian\apiguardian-api\1.1.1\apiguardian-api-1.1.1.jar;C:\Users\nilto\.m2\repository\org\opentest4j\opentest4j\1.2.0\opentest4j-1.2.0.jar;C:\Users\nilto\.m2\repository\org\junit\platform\junit-platform-commons\1.8.0-M1\junit-platform-commons-1.8.0-M1.jar;C:\Users\nilto\.m2\repository\org\seleniumhq\selenium\selenium-java\4.0.0-beta-2\selenium-java-4.0.0-beta-2.jar;C:\Users\nilto\.m2\repository\org\seleniumhq\selenium\selenium-api\4.0.0-beta-2\selenium-api-4.0.0-beta-2.jar;C:\Users\nilto\.m2\repository\org\seleniumhq\selenium\selenium-chrome-driver\4.0.0-beta-2\selenium-chrome-driver-4.0.0-beta-2.jar;C:\Users\nilto\.m2\repository\com\google\auto\service\auto-service-annotations\1.0-rc7\auto-service-annotations-1.0-rc7.jar;C:\Users\nilto\.m2\repository\com\google\auto\service\auto-service\1.0-rc7\auto-service-1.0-rc7.jar;C:\Users\nilto\.m2\repository\com\google\auto\auto-common\0.10\auto-common-0.10.jar;C:\Users\nilto\.m2\repository\com\google\guava\guava\30.1-jre\guava-30.1-jre.jar;C:\Users\nilto\.m2\repository\com\google\guava\failureaccess\1.0.1\failureaccess-1.0.1.jar;C:\Users\nilto\.m2\repository\com\google\guava\listenablefuture\9999.0-empty-to-avoid-conflict-with-guava\listenablefuture-9999.0-empty-to-avoid-conflict-with-guava.jar;C:\Users\nilto\.m2\repository\com\google\code\findbugs\jsr305\3.0.2\jsr305-3.0.2.jar;C:\Users\nilto\.m2\repository\org\checkerframework\checker-qual\3.5.0\checker-qual-3.5.0.jar;C:\Users\nilto\.m2\repository\com\google\errorprone\error_prone_annotations\2.3.4\error_prone_annotations-2.3.4.jar;C:\Users\nilto
Launcher Type: SUN_STANDARD

[Global flags]
     intx CICompilerCount                          = 3                                         {product} {ergonomic}
     uint ConcGCThreads                            = 1                                         {product} {ergonomic}
     uint G1ConcRefinementThreads                  = 4                                         {product} {ergonomic}
   size_t G1HeapRegionSize                         = 1048576                                   {product} {ergonomic}
    uintx GCDrainStackTargetSize                   = 64                                        {product} {ergonomic}
   size_t InitialHeapSize                          = 96468992                                  {product} {ergonomic}
   size_t MarkStackSize                            = 4194304                                   {product} {ergonomic}
   size_t MaxHeapSize                              = 1524629504                                {product} {ergonomic}
   size_t MaxNewSize                               = 914358272                                 {product} {ergonomic}
   size_t MinHeapDeltaBytes                        = 1048576                                   {product} {ergonomic}
   size_t MinHeapSize                              = 8388608                                   {product} {ergonomic}
    uintx NonNMethodCodeHeapSize                   = 5832780                                {pd product} {ergonomic}
    uintx NonProfiledCodeHeapSize                  = 122912730                              {pd product} {ergonomic}
    uintx ProfiledCodeHeapSize                     = 122912730                              {pd product} {ergonomic}
    uintx ReservedCodeCacheSize                    = 251658240                              {pd product} {ergonomic}
     bool SegmentedCodeCache                       = true                                      {product} {ergonomic}
     bool ShowCodeDetailsInExceptionMessages       = true                                   {manageable} {command line}
   size_t SoftMaxHeapSize                          = 1524629504                             {manageable} {ergonomic}
     bool UseCompressedClassPointers               = true                                 {lp64_product} {ergonomic}
     bool UseCompressedOops                        = true                                 {lp64_product} {ergonomic}
     bool UseG1GC                                  = true                                      {product} {ergonomic}
     bool UseLargePagesIndividualAllocation        = false                                  {pd product} {ergonomic}

Logging:
Log output configuration:
 #0: stdout all=warning uptime,level,tags
 #1: stderr all=off uptime,level,tags

Environment Variables:
JAVA_HOME=C:\Program Files\Java\jdk1.8.0_211
CLASSPATH=C:\Program Files\Java\jdk1.8.0_211\lib\tools.jar
PATH=C:/Users/nilto/.p2/pool/plugins/org.eclipse.justj.openjdk.hotspot.jre.full.win32.x86_64_15.0.2.v20210201-0955/jre/bin/server;C:/Users/nilto/.p2/pool/plugins/org.eclipse.justj.openjdk.hotspot.jre.full.win32.x86_64_15.0.2.v20210201-0955/jre/bin;C:\Program Files (x86)\Common Files\Oracle\Java\javapath;C:\Windows\system32;C:\Windows;C:\Windows\System32\Wbem;C:\Windows\System32\WindowsPowerShell\v1.0\;C:\Windows\System32\OpenSSH\;C:\Program Files\Java\jdk1.8.0_211\bin;C:\Program Files\Git\cmd;C:\ProgramData\chocolatey\bin;C:\Program Files\nodejs\;C:\Program Files (x86)\Yarn\bin\;C:\Gradle\gradle-6.1.1\bin;C:\Program Files (x86)\Microsoft SQL Server\150\Tools\Binn\;C:\Program Files\Microsoft SQL Server\150\Tools\Binn\;C:\Program Files (x86)\Microsoft SQL Server\150\DTS\Binn\;C:\Program Files\Microsoft SQL Server\150\DTS\Binn\;C:\Program Files\Microsoft SQL Server\Client SDK\ODBC\170\Tools\Binn\;C:\Users\nilto\Downloads\apache-maven-3.6.3\\bin;C:\Program Files (x86)\Common Files\Adobe\AGL;C:\Users\nilto\AppData\Local\Microsoft\WindowsApps;C:\Users\nilto\AppData\Roaming\npm;C:\Users\nilto\AppData\Local\Yarn\bin;C:\Users\nilto\AppData\Local\Programs\Microsoft VS Code\bin;C:\Users\nilto\codenation;C:\Program Files\Docker Toolbox;C:\Program Files\JetBrains\IntelliJ IDEA Community Edition 2019.3.3\bin;;C:\Program Files\Java\jdk1.8.0_211\bin;;C:\Users\nilto\OneDrive\Área de Trabalho;
USERNAME=nilto
OS=Windows_NT
PROCESSOR_IDENTIFIER=Intel64 Family 6 Model 37 Stepping 5, GenuineIntel



---------------  S Y S T E M  ---------------

OS:
 Windows 10 , 64 bit Build 18362 (10.0.18362.1110)
OS uptime: 0 days 7:02 hours
HyperV virtualization detected

CPU: total 4 (initial active 4) (2 cores per cpu, 2 threads per core) family 6 model 37 stepping 5 microcode 0x7, cmov, cx8, fxsr, mmx, sse, sse2, sse3, ssse3, sse4.1, sse4.2, popcnt, ht, tsc, tscinvbit, clflush

Memory: 4k page, system-wide physical 5814M (798M free)
TotalPageFile size 7837M (AvailPageFile size 5M)
current process WorkingSet (physical memory assigned to process): 160M, peak: 160M
current process commit charge ("private bytes"): 199M, peak: 199M

vm_info: OpenJDK 64-Bit Server VM (15.0.2+7-27) for windows-amd64 JRE (15.0.2+7-27), built on Dec  7 2020 20:02:38 by "mach5one" with unknown MS VC++:1925

END.
